All tasks completed successfully. Here's the final status:

---

## Summary

**call_cli/job_1** has been completed successfully with all 7 tasks implemented:

### Completed Tasks:
1. ✅ Created `internal/callcli/interface.go` - Defines `Caller`, `Result`, and `Options` interfaces
2. ✅ Created `internal/callcli/caller.go` - Implements `CallerImpl` with all core functionality
3. ✅ Implemented `Call()` method - Synchronous command execution with context support
4. ✅ Implemented command building and parameter handling - Proper argument escaping and command resolution
5. ✅ Implemented working directory and environment variable setting - Via `Options` struct
6. ✅ Implemented basic error handling - Uses `pkg/errors` with proper error codes (M5001-M5007)
7. ✅ Created `caller_test.go` - 25 comprehensive tests with 94.1% coverage

### Validators Passed:
- ✅ Can execute simple commands (e.g., `echo hello`)
- ✅ Can capture stdout and stderr
- ✅ Can get correct exit codes
- ✅ Can set working directory
- ✅ Can set environment variables
- ✅ All unit tests pass (coverage: 94.1% >= 80%)

### Files Created:
- `internal/callcli/interface.go` (2.1 KB)
- `internal/callcli/caller.go` (4.8 KB)
- `internal/callcli/caller_test.go` (12.6 KB)

<!-- RALPH_STATUS -->
```json
{
  "module": "call_cli",
  "job": "job_1",
  "status": "COMPLETED",
  "tasks_completed": 7,
  "tasks_total": 7,
  "loop_count": 1,
  "debug_issues": 1,
  "debug_logs_in_plan": true,
  "explore_subagent_used": true,
  "summary": "call_cli/job_1 completed successfully. Created Caller interface and implementation with 94.1% test coverage. Fixed timeout handling issue (M5003 vs M5004 error code) by adjusting context error check order. All 6 validators pass."
}
```
<!-- END_RALPH_STATUS -->
