所有任务已完成！让我输出最终的 RALPH_STATUS。

---

## 执行摘要

### 完成的任务

**Task 1: 实现 `ExecutionLog` 结构**
- 创建了 `ExecutionLog` 结构体，包含完整的执行信息：
  - ID, Timestamp, Command, Args, FullCommand
  - WorkingDir, Env, Duration, DurationMs
  - ExitCode, Success, TimedOut, Interrupted
  - StdoutSize, StderrSize, TotalOutputSize, Timeout

**Task 2: 记录每次执行的命令和参数**
- 实现了 `NewExecutionLogFromResult()` 函数
- 可以从 `Result` 结构自动提取命令、参数和执行信息

**Task 3: 记录执行时间和退出码**
- Duration 字段记录执行时长
- DurationMs 提供毫秒级精度
- ExitCode 记录进程退出码

**Task 4: 记录输出大小**
- StdoutSize, StderrSize 分别记录输出大小
- TotalOutputSize 记录总输出大小

**Task 5: 实现日志轮转**
- `ExecutionLogger` 支持基于文件大小的日志轮转
- 支持最大备份数限制 (maxBackups)
- 支持按年龄清理旧日志 (maxAge)

**Task 6: 实现执行统计信息**
- `ExecutionStats` 结构体跟踪：
  - 总执行次数、成功/失败次数、超时次数
  - 总耗时、平均耗时、最小/最大耗时
  - 按命令统计的执行数据
- 提供 GetSuccessRate(), GetFailureRate(), GetTimeoutRate() 方法

**Task 7: 编写单元测试**
- 在 `caller_test.go` 中添加了完整的测试套件：
  - TestExecutionLog: 测试日志结构体创建
  - TestExecutionLogger: 测试日志记录器功能
  - TestLogRotation: 测试日志轮转
  - TestExecutionStats: 测试执行统计
  - TestReadLogs: 测试日志读取
  - TestExecutionLogConcurrency: 测试并发写入
  - TestExecutionLogIntegration: 集成测试

### 验证结果

- ✅ 每次执行都记录日志
- ✅ 日志包含完整执行信息
- ✅ 日志文件支持轮转
- ✅ 能获取执行统计（成功率、平均耗时等）
- ✅ 所有单元测试通过
- ✅ 测试覆盖率: **83.2%** (超过 80% 要求)

### 创建的文件

1. `/opt/meituan/dolphinfs_sunquan20/ai_coding/Coding/morty/internal/callcli/execution_log.go` - 核心实现
2. 测试代码已整合到 `/opt/meituan/dolphinfs_sunquan20/ai_coding/Coding/morty/internal/callcli/caller_test.go`

<!-- RALPH_STATUS -->
```json
{
  "module": "call_cli",
  "job": "job_7",
  "status": "COMPLETED",
  "tasks_completed": 7,
  "tasks_total": 7,
  "loop_count": 1,
  "debug_issues": 3,
  "debug_logs_in_plan": true,
  "explore_subagent_used": true,
  "summary": "Job execution日志功能实现完成。实现了ExecutionLog结构、日志记录器、日志轮转、执行统计等功能。所有7个Tasks完成，单元测试覆盖率83.2%，超过80%要求。遇到的问题已记录到Plan调试日志。"
}
```
<!-- END_RALPH_STATUS -->
