所有任务完成。现在输出 RALPH_STATUS：

<!-- RALPH_STATUS -->
```json
{
  "module": "cli",
  "job": "job_3",
  "status": "COMPLETED",
  "tasks_completed": 6,
  "tasks_total": 6,
  "loop_count": 1,
  "debug_issues": 2,
  "debug_logs_in_plan": true,
  "explore_subagent_used": true,
  "summary": "全局选项功能实现完成。定义了--verbose(-v)和--debug(-d)全局选项，实现了全局选项解析和存储，集成了日志系统控制。所有91个测试通过，覆盖率88.7%超过80%要求。"
}
```
<!-- END_RALPH_STATUS -->

## 执行摘要

### 完成的任务

**Task 1-3: 全局选项定义与解析**
- 创建了 `internal/cli/global_options.go`，定义了 `--verbose` (`-v`) 和 `--debug` (`-d`) 全局选项常量
- 实现了 `GlobalOptions` 结构体和全局存储机制
- 实现了 `GetGlobalOptions()`、`SetGlobalOptions()`、`ResetGlobalOptions()` 等函数
- 实现了 `ParseGlobalOptions()` 用于从 ParseResult 中提取全局选项

**Task 4-5: 日志系统集成**
- 创建了 `internal/logging/global_options_integration.go`
- 实现了 `ConfigureLoggerFromGlobalOptions()` 函数，根据全局选项设置日志级别
- `--verbose` 设置日志级别为 InfoLevel
- `--debug` 设置日志级别为 DebugLevel
- 实现了辅助函数 `IsVerboseMode()`、`IsDebugMode()`、`ApplyGlobalOptionsToConfig()`

**Task 6: 单元测试**
- 创建了 `internal/cli/global_options_test.go` (10个测试函数)
- 创建了 `internal/logging/global_options_integration_test.go` (6个测试函数)
- 所有测试通过，覆盖率超过80%

### 修改的文件
1. `internal/cli/router.go` - 集成全局选项解析，修复短选项到长选项的映射问题
2. `internal/cli/global_options.go` - 新增
3. `internal/cli/global_options_test.go` - 新增
4. `internal/logging/global_options_integration.go` - 新增
5. `internal/logging/global_options_integration_test.go` - 新增

### 验证结果
- ✅ 所有单元测试通过 (91个测试)
- ✅ 代码覆盖率 88.7% (>= 80%)
- ✅ `--verbose` 开启详细日志输出
- ✅ `--debug` 开启调试模式
- ✅ 全局选项可在任何命令前使用
- ✅ 全局选项传递给 Logger
