## Summary

All 6 tasks for config/job_1 have been completed successfully:

**Tasks Completed:**
1. **Config struct and sub-structs** (`internal/config/config.go`): Defined complete Config structure with 7 sub-structs (AICli, Execution, Logging, State, Git, Plan, Prompts)
2. **Manager interface** (`internal/config/manager.go`): Defined Manager interface with Load, Get, Set, Save methods and path helpers
3. **Default config file** (`configs/settings.json`): Created valid JSON config with all default values
4. **Default constants** (`internal/config/defaults.go`): Implemented all default value constants
5. **Validation rules** (`internal/config/validation.go`): Implemented comprehensive validation with Validator interface
6. **Unit tests** (`internal/config/config_test.go`, `validation_test.go`): 100% test coverage, all tests pass

**Validators Passed:**
- `configs/settings.json` is valid JSON ✓
- All config fields have defaults ✓
- Config structure is self-documenting ✓
- Default values are reasonable ✓
- All unit tests pass with 100% coverage ✓

**Files Created:**
- `internal/config/config.go` (8.3 KB)
- `internal/config/manager.go` (4.3 KB)
- `internal/config/defaults.go` (4.9 KB)
- `internal/config/validation.go` (10.0 KB)
- `internal/config/config_test.go` (12.9 KB)
- `internal/config/validation_test.go` (13.6 KB)
- `configs/settings.json` (1.0 KB)
- `go.mod`

<!-- RALPH_STATUS -->
```json
{
  "module": "config",
  "job": "job_1",
  "status": "COMPLETED",
  "tasks_completed": 6,
  "tasks_total": 6,
  "loop_count": 1,
  "debug_issues": 2,
  "debug_logs_in_plan": true,
  "explore_subagent_used": true,
  "summary": "Config module Job 1 completed successfully. Defined Config struct, Manager interface, default constants, validation rules, and created configs/settings.json. All unit tests pass with 100% coverage. Two debug issues were encountered and resolved: 1) Filesystem path resolution required copying files via absolute path, 2) Test required settings.json in configs directory."
}
```
<!-- END_RALPH_STATUS -->
