All tests pass with 89.1% coverage (>= 80% requirement). All tasks completed successfully.

## Summary

**Completed Tasks:**
1. Created `internal/config/paths.go` with the `Paths` struct and all required methods
2. Implemented `GetWorkDir()` - returns `.morty` as absolute path
3. Implemented `GetLogDir()` - returns `.morty/doing/logs`
4. Implemented `GetResearchDir()` - returns `.morty/research`
5. Implemented `GetPlanDir()` - returns `.morty/plan` (respects config if available)
6. Implemented `GetStatusFile()` - returns `.morty/status.json`
7. Implemented `GetConfigFile()` - returns config file path
8. Implemented path auto-creation (`EnsureDir`, `EnsureWorkDir`, `EnsureAllDirs`, etc.)
9. Created comprehensive unit tests in `paths_test.go`

**Validation Results:**
- All unit tests pass
- Coverage: 89.1% (exceeds 80% requirement)
- Path auto-creation works correctly
- Special characters (spaces) handled properly
- All paths return absolute paths

<!-- RALPH_STATUS -->
```json
{
  "module": "config",
  "job": "job_4",
  "status": "COMPLETED",
  "tasks_completed": 9,
  "tasks_total": 9,
  "loop_count": 1,
  "debug_issues": 1,
  "debug_logs_in_plan": true,
  "explore_subagent_used": true,
  "summary": "Successfully implemented paths.go with GetWorkDir, GetLogDir, GetResearchDir, GetPlanDir, GetStatusFile, GetConfigFile methods. Added path auto-creation functionality (EnsureDir, EnsureAllDirs). Created comprehensive unit tests with 89.1% coverage. Fixed test compatibility issues with SanitizePath and GetPlanDir behavior. Debug log recorded in plan file."
}
```
<!-- END_RALPH_STATUS -->
