Task completed successfully. Here's the summary:

**执行摘要**:
- Task 3 (`config_ensure_work_dir()`) 已实现
- Task 4 (子目录自动创建) 已实现
- 所有验证器测试通过:
  - `.morty` 不存在时自动创建
  - 自动创建子目录 `logs/`, `research/`, `plan/`
  - 目录已存在时正常返回不报错
  - 检查目录和子目录的可写性

**Git 提交**: `6dcc5c4` feat(config): 实现 config_ensure_work_dir() 函数 (Job 2 Task 3, 4)

<!-- RALPH_STATUS -->
```json
{
  "module": "config",
  "job": "job_2",
  "status": "COMPLETED",
  "tasks_completed": 4,
  "tasks_total": 4,
  "loop_count": 1,
  "debug_issues": 0,
  "summary": "实现 config_ensure_work_dir() 函数，自动创建工作目录和子目录(logs, research, plan)，验证所有测试通过，Git提交6dcc5c4"
}
```
<!-- END_RALPH_STATUS -->
