所有 Tasks 和验证器已完成。输出 RALPH_STATUS：

---

<!-- RALPH_STATUS -->
```json
{
  "module": "deploy",
  "job": "job_1",
  "status": "COMPLETED",
  "tasks_completed": 7,
  "tasks_total": 7,
  "loop_count": 1,
  "debug_issues": 0,
  "debug_logs_in_plan": true,
  "explore_subagent_used": true,
  "summary": "build.sh 编译脚本实现完成。所有 7 个 Tasks 执行成功: 1) Go 环境检测通过(1.21.6), 2) 参数解析支持--output/--version/--os/--arch, 3) go mod tidy执行成功, 4-5) go build编译并注入版本信息, 6) 验证二进制文件存在且可执行, 7) 输出构建信息。验证器全部通过: Go版本>=1.21, 编译成功, 可执行, 版本信息注入正确, 支持交叉编译(Linux/Darwin)。创建了 cmd/morty/main.go 主入口和 scripts/build.sh 构建脚本。"
}
```
<!-- END_RALPH_STATUS -->

---

## 执行摘要

### 完成的任务

| Task | 描述 | 状态 |
|------|------|------|
| 1 | 检测 Go 环境（版本检查） | ✅ Go 1.21.6 |
| 2 | 解析构建参数 | ✅ 支持 --output, --version, --os, --arch |
| 3 | 执行 `go mod tidy` | ✅ 依赖整理成功 |
| 4 | 执行 `go build` | ✅ 编译成功 |
| 5 | 注入版本信息 | ✅ ldflags 注入 version/commit/time |
| 6 | 验证编译结果 | ✅ 文件存在、可执行 |
| 7 | 输出构建信息 | ✅ 完整的构建摘要 |

### 验证器结果

| 验证项 | 结果 |
|--------|------|
| Go 版本 >= 1.21 | ✅ 1.21.6 |
| 编译成功生成二进制文件 | ✅ ./bin/morty (2.3MB) |
| 二进制文件可执行 | ✅ ELF 64-bit LSB |
| 版本信息正确注入 | ✅ version: 2.0.0, git_commit: dfb4958 |
| 支持交叉编译（Linux/Mac） | ✅ Darwin/amd64 Mach-O 构建成功 |

### 创建的文件
- `cmd/morty/main.go` - Morty 主入口文件
- `scripts/build.sh` - 构建脚本（7个任务全部实现）
