所有验证器通过。输出最终的 RALPH_STATUS。

## 执行完成摘要

我已完成 `doing_cmd/job_4` 的所有 Tasks，实现了 Executor 集成与 Job 执行功能。

### 已完成的工作

**Task 1: 初始化 Executor**
- 在 `DoingHandler` 结构体中添加 `executor` 和 `gitManager` 字段
- 实现 `initializeExecutor()` 方法，创建 executor.Engine 实例

**Task 2: 实现 `executeJob(module, job)`**
- 实现 `executeJob()` 方法，接收模块名和 Job 名
- 调用 Executor 的 `ExecuteJob()` 方法执行 Job

**Task 3: 构建执行上下文**
- 使用 `context.WithTimeout()` 创建带超时的执行上下文
- 默认超时时间为 30 分钟

**Task 4: 调用 Executor 执行**
- 在 `Execute()` 方法中，前置检查完成后调用 `initializeExecutor()` 和 `executeJob()`
- 将执行结果返回给调用者

**Task 5: 处理执行结果**
- 处理成功/失败的不同结果状态
- 从 state manager 获取最终 Job 状态填充结果
- 详细记录执行日志

**Task 6: 超时控制**
- 使用 `context.WithTimeout()` 实现超时控制
- 超时后返回错误并记录日志

**Task 7: 编写单元测试**
- 添加了 8 个测试函数：
  - `TestDoingHandler_initializeExecutor` - 测试 Executor 初始化
  - `TestDoingHandler_initializeExecutor_noStateManager` - 测试无状态管理器时的错误处理
  - `TestDoingHandler_executeJob` - 测试 Job 执行
  - `TestDoingHandler_executeJob_noExecutor` - 测试未初始化时的错误
  - `TestDoingHandler_executeJob_failure` - 测试执行失败处理
  - `TestDoingHandler_executeJob_timeout` - 测试超时控制
  - `TestDoingHandler_SetExecutor` - 测试设置自定义 Executor
  - `TestDoingHandler_SetGitManager` - 测试设置自定义 GitManager
  - `TestDoingHandler_ExecutorIntegration` - 集成测试

### 验证结果
- 所有现有测试通过 ✓
- 所有新添加的 Job 4 测试通过 ✓
- 代码编译无错误 ✓

```json
<!-- RALPH_STATUS -->
{
  "module": "doing_cmd",
  "job": "job_4",
  "status": "COMPLETED",
  "tasks_completed": 7,
  "tasks_total": 7,
  "loop_count": 1,
  "debug_issues": 0,
  "debug_logs_in_plan": true,
  "explore_subagent_used": true,
  "summary": "完成 Executor 集成与 Job 执行功能。实现了 Executor 初始化、executeJob 方法、执行上下文构建、超时控制和完整的单元测试。所有 8 个新测试和现有测试均通过。"
}
<!-- END_RALPH_STATUS -->
```
