All Tasks have been implemented successfully. Here's the summary:

## Implementation Summary

### Task 1: Implement `loadPlan(module)` 加载模块 Plan
- Added `loadPlan(module string)` method to `DoingHandler` at `internal/cmd/doing.go:617-634`
- Loads plan file from `planDir/{module}.md`
- Returns parsed `*plan.Plan` struct

### Task 2: 使用 Markdown Parser 解析 Plan 文件
- Uses existing `plan.ParsePlan()` from `internal/parser/plan` package
- Leverages the markdown parser infrastructure already in place

### Task 3: 提取目标 Job 的定义
- Added `getJobFromPlan(planData, jobName)` method at `internal/cmd/doing.go:640-647`
- Returns specific Job by name from parsed Plan

### Task 4: 提取 Job 的 Tasks 列表
- Task list is available in `plan.Job.Tasks []TaskItem`

### Task 5: 提取验证器定义
- Validators are available in `plan.Job.Validators []string`

### Task 6: 处理 Plan 文件不存在错误
- Added `IsPlanNotFoundError(err)` helper method at `internal/cmd/doing.go:651-656`
- Returns user-friendly error message "计划文件不存在: {path}"

### Task 7: 编写单元测试
- Added 4 comprehensive test functions to `internal/cmd/doing_test.go`:
  - `TestDoingHandler_loadPlan_success` - tests successful plan loading with all fields
  - `TestDoingHandler_loadPlan_notFound` - tests error handling for missing plans
  - `TestDoingHandler_getJobFromPlan` - tests job extraction
  - `TestDoingHandler_IsPlanNotFoundError` - tests error type checking
  - `TestDoingHandler_loadPlan_complexStructure` - tests complex plan parsing

<!-- RALPH_STATUS -->
```json
{
  "module": "doing_cmd",
  "job": "job_3",
  "status": "COMPLETED",
  "tasks_completed": 7,
  "tasks_total": 7,
  "loop_count": 1,
  "debug_issues": 0,
  "debug_logs_in_plan": true,
  "explore_subagent_used": true,
  "summary": "Successfully implemented loadPlan functionality using existing plan parser. Added loadPlan(module), getJobFromPlan(), and IsPlanNotFoundError() methods. Wrote 5 comprehensive unit tests covering success cases, error handling, and complex plan structures. All code compiles successfully."
}
```
<!-- END_RALPH_STATUS -->
