All tasks completed successfully. Here is the final RALPH_STATUS:

```json
{
  "ralph_status": {
    "module": "doing_cmd",
    "job": "job_7",
    "status": "COMPLETED",
    "tasks_completed": 7,
    "tasks_total": 7,
    "loop_count": 1,
    "debug_issues": 3,
    "debug_logs_in_plan": true,
    "explore_subagent_used": false,
    "summary": "Job 7 (错误处理与重试) 已完成。实现了：1) 错误类型定义和分类 (errors.go)，支持8种错误类别；2) 友好错误提示 (messages.go)，为每种错误提供中文提示和修复建议；3) 重试逻辑 (retry.go)，最多3次重试，支持指数退避；4) 错误日志 (error_logger.go)，结构化错误记录到 JSON 文件；5) 状态恢复机制 (recovery.go)，自动创建和恢复状态点；6) 全面的单元测试 (7个测试文件，所有测试通过)"
  }
}
```

**实现文件清单：**
- `internal/doing/errors.go` - 错误类型定义和分类
- `internal/doing/messages.go` - 友好错误提示
- `internal/doing/retry.go` - 重试逻辑
- `internal/doing/error_logger.go` - 错误日志
- `internal/doing/recovery.go` - 状态恢复机制
- `internal/doing/helpers_test.go` - 测试辅助
- `internal/doing/errors_test.go` - 错误测试
- `internal/doing/messages_test.go` - 消息测试
- `internal/doing/retry_test.go` - 重试测试
- `internal/doing/error_logger_test.go` - 日志测试
- `internal/doing/recovery_test.go` - 恢复测试

**验证器状态：** 所有验证器已通过
- 不同类型的错误有明确的提示 ✓
- 重试机制正常工作 ✓
- 超过重试次数后标记 FAILED ✓
- 错误正确记录到日志 ✓
- 状态保持一致性 ✓
- 所有单元测试通过 ✓
