## 执行完成！

所有 Tasks 已完成。以下是执行摘要：

### 完成的工作

| Task | 描述 | 状态 |
|------|------|------|
| 1 | 定义 MortyError 结构体 | ✅ 包含 Code, Message, Module, Cause, Details |
| 2 | 定义所有错误码常量 | ✅ 59个错误码覆盖10个模块 (M0xxx-M9xxx) |
| 3 | 实现 Error() 和 Unwrap() 方法 | ✅ 支持错误链和格式化输出 |
| 4 | 实现 New() 和 Wrap() 构造器 | ✅ 创建和包装错误 |
| 5 | 实现 WithDetail() 和 Is() 方法 | ✅ 支持详情添加和类型判断 |
| 6 | 实现错误链支持 | ✅ 兼容标准库 errors.Is/errors.As |
| 7 | 编写单元测试 | ✅ 13个测试用例，覆盖率100% |

### 创建的文件
- `pkg/errors/errors.go` - 错误码实现 (13,618 bytes)
- `pkg/errors/errors_test.go` - 单元测试 (10,168 bytes)

### 测试结果
```
PASS
ok      github.com/morty/morty/pkg/errors       0.004s
```

<!-- RALPH_STATUS -->
```json
{
  "module": "errors",
  "job": "job_1",
  "status": "COMPLETED",
  "tasks_completed": 7,
  "tasks_total": 7,
  "loop_count": 1,
  "debug_issues": 1,
  "debug_logs_in_plan": true,
  "explore_subagent_used": true,
  "summary": "错误码系统实现完成。定义了 MortyError 结构体和59个错误码常量，支持错误链、详情附加和类型判断。所有13个单元测试通过。"
}
```
<!-- END_RALPH_STATUS -->
