executor/job_5 已完成。以下是执行总结：

## 完成内容

**实现文件**: `internal/executor/result_parser.go`

**核心功能**:
1. **ResultParser 接口** - 定义 `Parse(outputFile)` 方法
2. **RALPHExecutionResult 结构体** - 存储解析结果（避免与 engine.go 的 ExecutionResult 冲突）
3. **嵌套和扁平 JSON 格式支持** - 自动检测并解析两种格式
4. **错误提取** - 从输出中提取 Error/Failed/Exception/Panic 等错误信息
5. **调试日志自动更新** - `UpdatePlanDebugLogs()` 方法更新 Plan 文件
6. **完整单元测试** - 20+ 测试用例，覆盖率 84.5%

**验证器检查**:
- [x] 正确解析 RALPH_STATUS JSON 块
- [x] 支持嵌套格式 `ralph_status: {...}`
- [x] 支持扁平格式 `status, tasks_completed, ...`
- [x] 解析失败时返回友好错误
- [x] 自动提取错误信息到调试日志
- [x] 所有单元测试通过 (覆盖率 84.5% >= 80%)

**遇到的问题及修复**:
- debug1: ExecutionResult 命名冲突 → 重命名为 RALPHExecutionResult
- debug2: 提取 JSON 包含结束标记 → 修正索引计算
- debug3: fmt.Sprintf 参数不匹配 → 简化正则表达式
- debug4: stderr 正则不匹配 → 优化正则表达式

<!-- RALPH_STATUS -->
{
  "module": "executor",
  "job": "job_5",
  "status": "COMPLETED",
  "tasks_completed": 8,
  "tasks_total": 8,
  "loop_count": 1,
  "debug_issues": 4,
  "debug_logs_in_plan": true,
  "explore_subagent_used": true,
  "summary": "ResultParser 实现完成。支持 RALPH_STATUS JSON 解析（嵌套/扁平格式）、错误提取、调试日志自动更新。20+ 单元测试通过，覆盖率 84.5%"
}
<!-- END_RALPH_STATUS -->
