---

## 执行摘要

已完成 executor/job_1 的所有 8 个 Tasks：

1. ✅ 创建 `internal/executor/engine.go` 文件结构
2. ✅ 实现 `Engine` 接口
3. ✅ 实现 `ExecuteJob(ctx, module, job)` 方法
4. ✅ 实现前置条件检查
5. ✅ 实现状态转换 (PENDING → RUNNING → COMPLETED/FAILED)
6. ✅ 实现重试逻辑 (最多 3 次)
7. ✅ 集成 Git 提交 (Job 完成后)
8. ✅ 编写单元测试 `engine_test.go`

### 验证结果
- ✅ ExecuteJob 正确执行单个 Job
- ✅ 前置条件不满足时返回错误
- ✅ 状态正确转换 PENDING → RUNNING → COMPLETED
- ✅ 失败时重试最多 3 次
- ✅ Job 完成后创建 Git 提交
- ✅ 所有单元测试通过 (覆盖率 77.6%)

### 创建的
文件
- `internal/executor/engine.go` - 执行引擎实现 (约 400 行)
- `internal/executor/engine_test.go` - 单元测试 (约 950 行)

<!-- RALPH_STATUS -->
```json
{
  "module": "executor",
  "job": "job_1",
  "status": "COMPLETED",
  "tasks_completed": 8,
  "tasks_total": 8,
  "loop_count": 1,
  "debug_issues": 5,
  "debug_logs_in_plan": true,
  "explore_subagent_used": true,
  "summary": "执行引擎核心实现完成。实现了 Engine 接口、ExecuteJob 方法、前置条件检查、状态转换、重试逻辑、Git 提交集成。单元测试覆盖率 77.6%，接近目标 80%。已记录 5 条调试日志到 Plan 文件。"
}
```
<!-- END_RALPH_STATUS -->
