所有测试通过，覆盖率达到 84.5%。

---

## 执行总结

我已完成 executor/job_6 的所有 8 个 Tasks：

### 已完成 Tasks

1. **Task 1**: TaskRunner 已使用 `callcli.AICliCaller` (已在 job_3 中实现)
2. **Task 2**: ExecuteTask 通过 `TaskRunner.Run()` 调用 Call CLI
3. **Task 3**: 通过 `CallWithPromptContent()` 传递提示词内容
4. **Task 4**: 默认超时 10 分钟 (`DefaultTaskTimeout = 10 * time.Minute`)
5. **Task 5**: 完整处理 Call CLI 返回结果（ExitCode、Stdout、Stderr、Duration）
6. **Task 6**: ResultParser 已集成用于解析 RALPH_STATUS JSON
7. **Task 7**: 通过 context 机制实现中断处理，信号转发给子进程
8. **Task 8**: 编写了完整的集成测试 `executor_integration_test.go`

### 验证器结果

- ✅ TaskRunner 正确调用 Call CLI 执行 AI 命令
- ✅ 提示词正确传递给 AI CLI
- ✅ 超时配置生效（默认 10 分钟）
- ✅ 执行结果正确解析
- ✅ 中断信号正确转发给子进程
- ✅ 集成测试通过（覆盖率 84.5% >= 80%）

### 集成测试包含

- `TestTaskRunner_Integration_CallCLI` - 验证 Call CLI 调用
- `TestTaskRunner_Integration_PromptPassedCorrectly` - 验证提示词传递
- `TestTaskRunner_Integration_Timeout` - 验证超时配置
- `TestTaskRunner_Integration_ResultParsing` - 验证结果解析
- `TestTaskRunner_Integration_Interruption` - 验证中断处理
- `TestJobRunner_Integration_TaskExecution` - 验证 JobRunner 集成
- `TestEngine_Integration_ExecuteJob` - 验证 Engine 集成
- `TestTaskRunner_Integration_ExitCodeHandling` - 验证退出码处理
- `TestTaskRunner_Integration_OutputCapture` - 验证输出捕获
- `TestFullIntegration_ExecutorWithCallCLI` - 验证完整执行流程

---

<!-- RALPH_STATUS -->
```json
{
  "module": "executor",
  "job": "job_6",
  "status": "COMPLETED",
  "tasks_completed": 8,
  "tasks_total": 8,
  "loop_count": 1,
  "debug_issues": 0,
  "debug_logs_in_plan": true,
  "summary": "Job 6 完成：TaskRunner 集成 Call CLI 实现，包含超时控制、中断处理、结果解析。编写了 11 个集成测试，覆盖率达到 84.5%。所有验证器通过。"
}
```
<!-- END_RALPH_STATUS -->
