## 完成 Summary

git/job_3 已完成，所有 9 个 Tasks 都已实现并验证：

**已实现功能：**
1. ✅ `internal/git/version.go` - 版本控制功能文件
2. ✅ `ResetToCommit(commitHash, dir, mode)` - 支持 hard/soft/mixed reset
3. ✅ 回滚前自动创建 `morty/backup-[timestamp]` 备份分支
4. ✅ `ShowLoopHistory(n, dir)` - 返回最近 N 条循环提交
5. ✅ `ParseCommitMessage(message)` - 解析提交信息提取 loop number 和 status
6. ✅ 历史记录按时间倒序排列（最新的在前）
7. ✅ `FormatLoopHistory()` / `FormatLoopHistoryDetailed()` - 格式化输出
8. ✅ `GetCommitAtLoop()` / `RollbackToLoop()` - 辅助功能
9. ✅ `version_test.go` - 完整的单元测试覆盖

**验证结果：**
- 所有单元测试通过
- 代码覆盖率: **87.8%** (> 80% 要求)

**RALPH_STATUS**

```json
{
  "module": "git",
  "job": "job_3",
  "status": "COMPLETED",
  "tasks_completed": 9,
  "tasks_total": 9,
  "summary": "实现 Git 版本控制功能：ResetToCommit 支持硬/软回滚并自动创建备份分支；ShowLoopHistory 按时间倒序返回循环提交历史；ParseCommitMessage 解析提交信息；完整的格式化输出功能。所有测试通过，覆盖率 87.8%。"
}
```
