All tasks completed successfully. Let me provide a summary and the final status.

## Summary

Successfully completed git/job_1 with all 8 tasks:

**Files Created:**
- `internal/git/git.go` - Defines the Git interface with 4 methods
- `internal/git/manager.go` - Implements Manager struct with Git command execution
- `internal/git/manager_test.go` - Comprehensive unit tests (90.1% coverage)

**Implemented Functions:**
- `InitIfNeeded(dir string) error` - Auto-initializes git repo if needed
- `HasUncommittedChanges(dir string) (bool, error)` - Detects staged/unstaged changes
- `GetRepoRoot(dir string) (string, error)` - Returns repository root directory
- `GetChangeStats(dir string) (*ChangeStats, error)` - Returns file/line change statistics

**Test Results:**
- All 23 tests pass
- Code coverage: 90.1% (exceeds 80% requirement)
- All validators pass

**Key Implementation Details:**
- Handles untracked files (`??`) as "added" files in change stats
- Proper error handling for non-git directories
- Uses `git status --porcelain` for machine-readable status
- Parses `git diff --stat` for line change statistics
- Supports subdirectory operations (finds repo root automatically)

<!-- RALPH_STATUS -->
```json
{
  "module": "git",
  "job": "job_1",
  "status": "COMPLETED",
  "tasks_completed": 8,
  "tasks_total": 8,
  "loop_count": 1,
  "debug_issues": 0,
  "debug_logs_in_plan": false,
  "explore_subagent_used": true,
  "summary": "Git package implementation complete. Created Git interface, Manager implementation with 4 core methods (InitIfNeeded, HasUncommittedChanges, GetRepoRoot, GetChangeStats), and comprehensive tests with 90.1% coverage. All validators pass."
}
```
<!-- END_RALPH_STATUS -->
