All tests pass. Here is the final status:

---

## Summary

Successfully completed git/job_2 - 循环提交实现 (Loop Commit Implementation).

### Completed Tasks:
1. **Created** `internal/git/commit.go` with:
   - `Committer` interface definition
   - `CreateLoopCommit()` - creates commits with loop number and status
   - `GetCurrentLoopNumber()` - parses commit history to find next loop number
   - `CreateBackupBranch()` - creates timestamped backup branches
   - `buildCommitMessage()` - generates formatted commit messages with stats

2. **Commit Message Format**:
   ```
   morty: loop N - <status>

   Change Statistics:
   - Files added: N
   - Files modified: N
   - Files deleted: N
   - Lines added: N
   - Lines deleted: N
   ```

3. **Auto-staging**: All changes are automatically staged via `git add -A`

4. **Created** comprehensive unit tests in `commit_test.go` with:
   - 15 test functions covering all functionality
   - Integration tests
   - Benchmark tests
   - Error handling tests

### Test Results:
- **All tests pass**: 45 tests including commit-specific tests
- **Coverage**: 88.0% (exceeds 80% requirement)

### Debug Logs Recorded:
- Module path resolution issue and fix
- Unused variable compilation error fix

---

<!-- RALPH_STATUS -->
```json
{
  "module": "git",
  "job": "job_2",
  "status": "COMPLETED",
  "tasks_completed": 7,
  "tasks_total": 7,
  "loop_count": 1,
  "debug_issues": 2,
  "debug_logs_in_plan": true,
  "explore_subagent_used": true,
  "summary": "循环提交功能实现完成。创建了commit.go实现CreateLoopCommit、GetCurrentLoopNumber、CreateBackupBranch功能，编写了15个单元测试，覆盖率88.0%。记录了两个debug日志到Plan文件。"
}
```
<!-- END_RALPH_STATUS -->
