Go 环境验证通过。所有 Tasks 和验证器检查完成。

---

## 执行摘要

| Task | 描述 | 状态 |
|------|------|------|
| 1 | 创建测试项目目录 | ✓ |
| 2 | 创建 main.go 文件 | ✓ |
| 3 | 初始化模块 `go mod init hello` | ✓ |
| 4 | 构建项目 `go build` | ✓ |
| 5 | 运行程序 `./hello` | ✓ (输出: Hello, Go!) |
| 6 | 运行测试 `go test ./...` | ✓ (no test files) |
| 7 | 格式化代码 `gofmt -w main.go` | ✓ |
| 8 | 清理测试项目 | ✓ |

### 验证器检查结果
- [x] `go mod init` 成功创建 go.mod
- [x] `go build` 成功生成可执行文件
- [x] `./hello` 输出 "Hello, Go!"
- [x] `go test` 通过
- [x] `gofmt` 正常工作
- [x] 无错误信息

---

<!-- RALPH_STATUS -->
```json
{
  "module": "go_env_setup",
  "job": "job_5",
  "status": "COMPLETED",
  "tasks_completed": 8,
  "tasks_total": 8,
  "loop_count": 1,
  "debug_issues": 0,
  "debug_logs_in_plan": false,
  "explore_subagent_used": false,
  "summary": "Go 测试项目创建、构建、运行、测试、格式化全流程验证通过，环境工作正常，测试项目已清理"
}
```
<!-- END_RALPH_STATUS -->
