## Summary

All 7 tasks completed successfully:

| Task | Description | Status |
|------|-------------|--------|
| 1 | Create GOPATH directory `$HOME/go` | ✅ Done |
| 2 | Create subdirectories `bin`, `pkg`, `src` | ✅ Done |
| 3 | Detect shell type (bash) | ✅ Done |
| 4 | Configure PATH for `/usr/local/go/bin` | ✅ Already in `.bashrc` |
| 5 | Configure GOPATH environment | ✅ Already in `.bashrc` |
| 6 | Configure GOPROXY | ✅ Already in `.bashrc` |
| 7 | Load configuration | ✅ Sourced `.bashrc` |

### Validators Results

| Validator | Result |
|-----------|--------|
| `go version` works | ✅ go1.21.6 linux/amd64 |
| `go env GOPATH` returns `$HOME/go` | ✅ /home/hadoop-recsys-gpu/go |
| `go env GOROOT` returns `/usr/local/go` | ✅ /usr/local/go |
| `echo $PATH` contains go paths | ✅ Contains both `/usr/local/go/bin` and `$HOME/go/bin` |
| Configuration persists | ✅ Configured in `~/.bashrc` |
| `go env GOPROXY` | ✅ https://goproxy.cn,direct |

<!-- RALPH_STATUS -->
```json
{
  "module": "go_env_setup",
  "job": "job_3",
  "status": "COMPLETED",
  "tasks_completed": 7,
  "tasks_total": 7,
  "loop_count": 1,
  "debug_issues": 0,
  "debug_logs_in_plan": false,
  "explore_subagent_used": false,
  "summary": "Go环境配置完成。GOPATH目录结构已创建，环境变量(GOROOT, GOPATH, PATH, GOPROXY)已在.bashrc中配置，所有验证器通过。"
}
```
<!-- END_RALPH_STATUS -->
