所有验证器条件通过！

---

## 执行总结

**所有 Tasks 已完成：**

- [x] Task 1: 检查现有 Go 版本 → Go 未安装
- [x] Task 2: 如已安装且版本 >= 1.21，跳过安装 → 需要安装
- [x] Task 3: 确定下载 URL → Linux x86_64, go1.21.6.linux-amd64.tar.gz
- [x] Task 4: 下载 Go 安装包到 `/tmp/` → 下载成功 (64MB)
- [x] Task 5: 删除旧版本（如存在）→ 无旧版本
- [x] Task 6: 解压 → 解压到 /opt/go，创建符号链接 /usr/local/go
- [x] Task 7: 验证安装 → go version go1.21.6 linux/amd64

**验证器结果：**
- ✅ 下载成功（文件大小 64MB > 50MB）
- ✅ 解压后 `/usr/local/go/bin/go` 存在
- ✅ `go version` 显示 go1.21.6 (>= 1.21)
- ✅ 无权限错误

<!-- RALPH_STATUS -->
```json
{
  "module": "go_env_setup",
  "job": "job_2",
  "status": "COMPLETED",
  "tasks_completed": 7,
  "tasks_total": 7,
  "loop_count": 1,
  "debug_issues": 0,
  "debug_logs_in_plan": false,
  "explore_subagent_used": false,
  "summary": "Go 1.21.6 安装成功。因 /usr/local 目录需要 root 权限，先将 Go 解压到 /opt/go，然后使用 sudo ln 创建 /usr/local/go 符号链接。所有验证器条件通过。"
}
```
<!-- END_RALPH_STATUS -->
