Job 5 Task 1 已完成。实现的功能包括：

**实现的函数：**
- `bootstrap_cmd_uninstall()` - 主卸载命令处理
- `bootstrap_backup_before_uninstall()` - 卸载前备份
- `bootstrap_remove_symlink()` - 删除符号链接
- `bootstrap_remove_files()` - 删除文件（支持 purge 模式）
- `bootstrap_cleanup_empty_dirs()` - 清理空目录
- `bootstrap_show_uninstall_preview()` - 显示卸载预览
- `bootstrap_show_uninstall_complete()` - 显示完成信息

**验证通过：**
- ✓ 无 Morty 安装时提示并退出
- ✓ 默认卸载保留 settings.json 和 prompts/
- ✓ `--purge` 模式删除所有文件
- ✓ 卸载前要求确认（有提示信息）
- ✓ `--force` 模式跳过确认
- ✓ 卸载前自动创建备份

<!-- RALPH_STATUS -->
```json
{
  "module": "install",
  "job": "job_5",
  "status": "COMPLETED",
  "tasks_completed": 5,
  "tasks_total": 5,
  "loop_count": 1,
  "debug_issues": 0,
  "summary": "成功实现 bootstrap_cmd_uninstall() 及相关卸载功能。包括标准卸载（保留配置）、--purge彻底卸载、卸载前备份、卸载预览和确认提示。所有测试通过。"
}
```
<!-- END_RALPH_STATUS -->
