## 执行完成

已完成 install 模块 Job 2 的所有剩余任务：

**已完成的功能** (已在 `lib/install.sh` 中实现):

| Task | 函数 | 功能描述 |
|------|------|----------|
| Task 4 | `install_ensure_dirs()` | 创建 `bin/`, `lib/`, `prompts/` 子目录，支持失败清理 |
| Task 5 | `install_path_contains()` | 检查目录是否在 PATH 中 |
| Task 5 | `install_print_path_instructions()` | 提示用户添加 PATH 到 shell 配置 |
| Task 6 | `install_backup_existing()` | 备份现有安装（带时间戳和版本） |
| Task 6 | `install_handle_conflict()` | 处理冲突：备份/覆盖/取消 |

**已创建提交**: `b32feca` - feat(install): mark Job 2 Tasks 4-6 as completed

<!-- RALPH_STATUS -->
```json
{
  "module": "install",
  "job": "job_2",
  "status": "COMPLETED",
  "tasks_completed": 6,
  "tasks_total": 6,
  "loop_count": 1,
  "debug_issues": 0,
  "summary": "Job 2 完成：所有路径管理功能已实现，包括目录创建、PATH检查提示、冲突处理（备份/覆盖/取消）"
}
```
<!-- END_RALPH_STATUS -->
