## Job 4 Task #5 执行完成

所有验证测试已通过：

| 验证项 | 结果 |
|--------|------|
| 版本比较功能 | ✅ 通过 |
| 配置备份和恢复 | ✅ 通过 |
| 完整安装备份和回滚 | ✅ 通过 |
| 升级后版本显示 | ✅ 通过 |

### 测试总结

1. **版本比较** (`bootstrap_compare_versions`)
   - 相等版本返回 0
   - v1 > v2 返回 1
   - v1 < v2 返回 2
   - 支持 v 前缀和多位数字

2. **配置保留**
   - `bootstrap_backup_config()` 正确备份 settings.json 和 prompts
   - `bootstrap_restore_config()` 正确恢复配置

3. **失败回滚**
   - `bootstrap_backup_installation()` 创建完整安装备份
   - `bootstrap_rollback_upgrade()` 成功回滚到原版本

4. **版本显示**
   - 升级后 `morty version` 正确显示新版本号

<!-- RALPH_STATUS -->
{
  "module": "install",
  "job": "job_4",
  "status": "COMPLETED",
  "tasks_completed": 5,
  "tasks_total": 5,
  "loop_count": 1,
  "debug_issues": 0,
  "summary": "完成 Job 4 Task #5 - 测试和验证升级功能。所有验证项通过：版本比较、配置保留、失败回滚、版本显示。"
}
<!-- END_RALPH_STATUS -->
