<!-- RALPH_STATUS -->
{
  "module": "install",
  "job": "job_7",
  "status": "COMPLETED",
  "tasks_completed": 4,
  "tasks_total": 4,
  "loop_count": 1,
  "debug_issues": 0,
  "summary": "Successfully completed Job 7: 清理过时代码. Deleted obsolete files: morty_fix.sh, morty_loop.sh, lib/loop_monitor.sh, install.sh, prompts/fix_mode_system.md, tests/test_fix_mode.sh. Updated lib/install.sh to remove references. Updated README.md with new installation instructions and removed obsolete command references. All core functionality verified (morty doing, reset, research working). Git commit created."
}
<!-- END_RALPH_STATUS -->

---

## Job 7 执行完成

**已完成的 Tasks:**

1. **识别过时代码** - 列出所有待删除的文件清单，确认这些文件不再被核心代码引用
2. **执行删除** - 删除了以下过时代码文件：
   - `morty_fix.sh` - 旧版修复脚本（被 `morty doing` + `morty reset` 替代）
   - `morty_loop.sh` - 旧版循环执行脚本（被 `morty doing` 替代）
   - `lib/loop_monitor.sh` - 循环监控模块（随 loop 模式一起废弃）
   - `install.sh` - 旧版安装脚本（被 `bootstrap.sh` 替代）
   - `prompts/fix_mode_system.md` - fix 模式系统提示词
   - `tests/test_fix_mode.sh` - fix 模式测试
3. **验证清理** - 确认核心功能正常工作：
   - `morty doing` ✓
   - `morty reset` ✓
   - `morty research` ✓
   - 代码库中无 loop_monitor 引用 ✓
4. **更新文档** - 更新 README.md：
   - 替换 install.sh 为 bootstrap.sh 的安装说明
   - 移除 fix 和 loop 命令的引用
   - 更新架构部分描述新组件
   - 版本号更新为 2.0.0

**Git 提交:** `4671a6b` cleanup(install): remove obsolete code - Job 7
