## 执行完成

Task 1 已完成。以下是本次循环的执行摘要：

**实现内容**：
1. `bootstrap_check_system_deps()` - 检查系统依赖
   - Bash 版本 >= 4.0
   - Git 版本 >= 2.0（可选，失败时仅警告）
   - curl 或 wget 存在性检查

2. `bootstrap_check_install_env()` - 检查安装环境
   - 目标目录可写性检查
   - bin 目录父目录可写性检查
   - 磁盘空间检查（至少 50MB）
   - 已存在安装检测

3. `bootstrap_show_fix_suggestion()` - 友好的错误提示和修复建议
   - Bash 升级指导
   - 权限问题解决方案
   - 现有安装提示（reinstall/upgrade）

4. `bootstrap_check_version()` - 版本号比较工具函数

**验证结果**：
- ✓ Bash 5.1.9 >= 4.0
- ✓ Git 2.33.0 >= 2.0  
- ✓ curl 检测成功
- ✓ 磁盘空间 14643635MB 充足
- ✓ 已存在安装检测正常

<!-- RALPH_STATUS -->
{
  "module": "install",
  "job": "job_2",
  "status": "RUNNING",
  "tasks_completed": 1,
  "tasks_total": 4,
  "loop_count": 1,
  "debug_issues": 0,
  "summary": "完成 Task 1: 实现 bootstrap_check_system_deps() 及相关依赖检查和环境验证函数，所有验证器检查项通过"
}
<!-- END_RALPH_STATUS -->
