## Job 2 完成总结

已完成 **实现友好的错误提示和修复建议** 任务。对 `bootstrap.sh` 做了以下完善：

**修改内容** (`bootstrap.sh`):

1. **已存在安装提示** (line 513-517): 当检测到 Morty 已安装时，现在调用 `bootstrap_show_fix_suggestion "existing"` 显示详细的修复建议（升级、重新安装、卸载选项）

2. **下载工具缺失提示** (line 424-427): 将 curl/wget 缺失的内联提示改为调用统一的 `bootstrap_show_fix_suggestion "downloader"` 函数

3. **新增 downloader 修复建议** (line 605-618): 添加了对 curl/wget 缺失的友好提示，包含各系统的安装命令

**验证器测试结果**:

| 验证项 | 状态 | 说明 |
|--------|------|------|
| Bash < 4.0 提示升级 | ✓ | 通过 `bootstrap_show_fix_suggestion "bash"` 实现 |
| 无 curl/wget 提示安装 | ✓ | 通过 `bootstrap_show_fix_suggestion "downloader"` 实现 |
| 目录无写权限提示 | ✓ | 通过 `bootstrap_show_fix_suggestion "permission"` 实现 |
| 已存在安装提示 | ✓ | 通过 `bootstrap_show_fix_suggestion "existing"` 实现 |

<!-- RALPH_STATUS -->
{
  "module": "install",
  "job": "job_2",
  "status": "COMPLETED",
  "tasks_completed": 4,
  "tasks_total": 4,
  "loop_count": 1,
  "debug_issues": 0,
  "summary": "完成 Job 2 - 依赖检查和环境验证。实现了 bootstrap_check_system_deps()、bootstrap_check_install_env() 和 bootstrap_show_fix_suggestion() 函数，支持 Bash版本、Git版本、curl/wget、目录权限、磁盘空间和已存在安装的检查，并提供友好的错误提示和修复建议。所有验证器测试通过。"
}
<!-- END_RALPH_STATUS -->
