## 执行完成

Job 2 的所有 Tasks 已完成：

1. **实现日志文件大小检查** - 每 100 次写入检查一次，超过 `LOG_MAX_SIZE`（默认 10MB）自动触发轮转
2. **实现日志轮转** - 当前日志 → morty.log.1 → morty.log.2 ... 链式重命名
3. **实现最大保留文件数限制** - 超出 `LOG_MAX_FILES` 的最旧日志自动删除
4. **实现按日期归档（可选）** - 新增 `LOG_ARCHIVE_BY_DATE` 配置，归档文件名包含日期
5. **实现日志压缩** - 旧日志自动 gzip 压缩，压缩率 < 20%

新增 API：
- `log_set_archive_by_date <true|false>` - 启用/禁用日期归档
- `log_set_archive_dir <directory>` - 设置归档目录
- `log_archive_current [log_file]` - 手动归档当前日志

验证器测试：9 项全部通过

<!-- RALPH_STATUS -->
{
  "module": "logging",
  "job": "job_2",
  "status": "COMPLETED",
  "tasks_completed": 5,
  "tasks_total": 5,
  "loop_count": 1,
  "debug_issues": 0,
  "summary": "完成日志轮转与归档功能：大小检查、轮转机制、保留限制、日期归档、日志压缩。所有验证器测试通过，Git 提交已创建。"
}
<!-- END_RALPH_STATUS -->
