所有 Tasks 已完成，验证器全部通过。输出执行结果。

## 执行摘要

**logging/job_2** 已成功完成。实现了日志轮转器 (Rotator) 功能：

1. **文件结构** (`rotator.go`):
   - `Rotator` 结构体管理轮转配置
   - `NewRotator()` 工厂函数支持解析大小字符串 (如 "10MB")
   - 线程安全的互斥锁保护

2. **核心功能**:
   - `ShouldRotate()`: 基于文件大小检查是否需要轮转
   - `Rotate()`: 执行日志轮转，原文件 → .1 → .2.gz → ...
   - `shiftFiles()`: 级联移动备份文件
   - `compressFile()`: gzip 压缩旧日志

3. **测试覆盖** (`rotator_test.go`):
   - 10 个测试函数，覆盖率 88.4%
   - 测试大小解析、轮转逻辑、压缩、并发安全

<!-- RALPH_STATUS -->
```json
{
  "module": "logging",
  "job": "job_2",
  "status": "COMPLETED",
  "tasks_completed": 7,
  "tasks_total": 7,
  "loop_count": 1,
  "debug_issues": 1,
  "debug_logs_in_plan": true,
  "explore_subagent_used": true,
  "summary": "日志轮转器实现完成。创建了 rotator.go 和 rotator_test.go，实现基于大小的轮转、gzip压缩、清理功能。测试覆盖率88.4%，所有验证器通过。修复了测试中字节长度计算问题。"
}
```
<!-- END_RALPH_STATUS -->
