## 执行完成

Job 4 (JSON 格式日志输出) 已完成。以下是执行摘要：

### 任务完成情况

| 任务 | 描述 | 状态 |
|------|------|------|
| 1 | 实现 JSON 格式日志输出 | ✅ 已完成 |
| 2 | 支持上下文数据自动序列化为 JSON 字段 | ✅ 已完成 |
| 3 | 添加 `log_structured()` 函数用于机器可读日志 | ✅ 已完成 |
| 4 | 实现日志格式切换（文本/JSON） | ✅ 已完成 |
| 5 | 确保特殊字符正确转义 | ✅ 已完成 |

### 验证结果

- ✅ JSON 日志包含 timestamp, level, message 字段
- ✅ 上下文对象被正确序列化为 JSON 字段
- ✅ 特殊字符（引号、反斜杠、换行等）被正确转义
- ✅ JSON 日志可被 `jq` 等标准工具解析
- ✅ 26 个测试全部通过

### 核心 API

```bash
# 设置日志格式
log_set_format json    # 切换到 JSON 格式
log_set_format text    # 切换到文本格式

# 结构化日志（忽略 LOG_FORMAT 设置，总是输出 JSON）
log_structured INFO '{"event":"user_login","user_id":"123"}'

# 带上下文的普通日志
log_info "用户登录" "user=admin,action=login"
```

<!-- RALPH_STATUS -->
```json
{
  "module": "logging",
  "job": "job_4",
  "status": "COMPLETED",
  "tasks_completed": 5,
  "tasks_total": 5,
  "loop_count": 1,
  "debug_issues": 0,
  "summary": "JSON 格式日志功能已完成并通过 26 个测试验证，包括格式切换、上下文序列化、特殊字符转义和 jq 可解析性"
}
```
<!-- END_RALPH_STATUS -->
