所有 Tasks 完成，验证器通过。现在输出最终的 RALPH_STATUS：

## 执行摘要

**Job**: logging/job_1 - Logger 接口与 slog 适配器实现

### 已完成 Tasks (8/8)

1. ✅ 创建 `internal/logging/logger.go` 定义 Logger 接口
2. ✅ 创建 `internal/logging/slog_adapter.go` 实现 slog 适配器
3. ✅ 实现所有日志级别方法 (Debug, Info, Warn, Error, Success, Loop)
4. ✅ 支持结构化属性 (attrs)
5. ✅ 实现 `WithContext` 添加上下文信息
6. ✅ 实现 `WithJob` 添加 Job 上下文
7. ✅ 实现 `SetLevel` 和 `GetLevel`
8. ✅ 编写单元测试 `slog_adapter_test.go`

### 验证器检查结果

- ✅ 各日志级别输出正确 (DEBUG, INFO, WARN, ERROR, SUCCESS, LOOP)
- ✅ 结构化属性正确输出为 JSON
- ✅ `WithContext` 返回的 Logger 包含上下文信息
- ✅ `WithJob` 返回的 Logger 包含 Job 信息
- ✅ 设置日志级别后低于该级别的日志不输出
- ✅ 所有单元测试通过 (覆盖率 89.4% >= 80%)

### 遇到的问题及修复

1. **slog 方法参数类型不匹配**: 使用 `LogAttrs` 方法替代 `Debug/Info` 等方法，以支持 `...slog.Attr` 参数
2. **测试中的 map 比较 panic**: 修改测试用例，使用可比较类型的值

### 生成的文件

- `internal/logging/logger.go` (定义 Logger 接口、Attr、Level 和上下文辅助函数)
- `internal/logging/slog_adapter.go` (SlogAdapter 实现，支持多种输出格式)
- `internal/logging/slog_adapter_test.go` (全面的单元测试，覆盖率 89.4%)

<!-- RALPH_STATUS -->
```json
{
  "module": "logging",
  "job": "job_1",
  "status": "COMPLETED",
  "tasks_completed": 8,
  "tasks_total": 8,
  "loop_count": 1,
  "debug_issues": 2,
  "debug_logs_in_plan": true,
  "explore_subagent_used": true,
  "summary": "Logger 接口与 slog 适配器实现完成。创建了 Logger 接口、SlogAdapter 实现和完整的单元测试。所有验证器通过，测试覆盖率 89.4%。"
}
```
<!-- END_RALPH_STATUS -->
