## 执行完成

所有 Tasks 已完成并通过验证。以下是执行摘要：

### 完成的任务

1. **Task 1**: 创建 `internal/parser/markdown/task.go`
2. **Task 2**: 实现 `ExtractTasks(doc) ([]Task, error)`
3. **Task 3**: 解析 `- [ ]` 和 `- [x]` 格式
4. **Task 4**: 提取 Task 描述文本
5. **Task 5**: 记录 Task 缩进级别（用于层级关系）
6. **Task 6**: 编写单元测试 `markdown/task_test.go`

### 主要修改

- **task.go**: 实现 Task 结构体、ExtractTasks 函数及相关辅助函数
- **parser.go**: 添加 `ItemIndents` 字段到 Node 结构体，保留列表项缩进信息
- **task_test.go**: 22 个测试用例覆盖所有功能

### 验证结果

- 正确识别未完成 Task (`- [ ]`)
- 正确识别已完成 Task (`- [x]` 或 `- [X]`)
- 正确提取 Task 描述
- 正确处理 Task 层级（缩进）
- 所有单元测试通过 (覆盖率 91.9% >= 80%)

---

```json
{
  "module": "parser",
  "job": "job_4",
  "status": "COMPLETED",
  "tasks_completed": 6,
  "tasks_total": 6,
  "loop_count": 1,
  "debug_issues": 3,
  "debug_logs_in_plan": true,
  "explore_subagent_used": true,
  "summary": "Task 提取功能实现完成。创建了 task.go 实现 ExtractTasks 函数，支持解析 - [ ] 和 - [x] 格式，提取描述和缩进级别。编写了 22 个单元测试，覆盖率 91.9%。修复了缩进级别计算和 bullet 前缀验证问题。"
}
```
