Now let me output the final RALPH_STATUS JSON.

Job 5 for the parser module is now complete. Here's a summary of what was implemented:

## Summary

### Tasks Completed:
1. ✅ Created `internal/parser/markdown/metadata.go`
2. ✅ Implemented `ExtractMetadata(content) (map[string]string, error)`
3. ✅ Support for YAML frontmatter (`---` wrapped)
4. ✅ Support for simple key: value parsing
5. ✅ Error handling for frontmatter parsing
6. ✅ Unit tests in `markdown/metadata_test.go`

### Validation Results:
- ✅ Correctly parses YAML frontmatter
- ✅ Correctly extracts key-value pairs
- ✅ Returns empty map when no frontmatter
- ✅ Returns error for malformed format
- ✅ All unit tests pass (coverage: 88.7% >= 80%)

### Files Created:
- `/opt/meituan/dolphinfs_sunquan20/ai_coding/Coding/morty/internal/parser/markdown/metadata.go` - Core implementation
- `/opt/meituan/dolphinfs_sunquan20/ai_coding/Coding/morty/internal/parser/markdown/metadata_test.go` - Comprehensive tests

```json
{
  "module": "parser",
  "job": "job_5",
  "status": "COMPLETED",
  "tasks_completed": 6,
  "tasks_total": 6,
  "loop_count": 1,
  "debug_issues": 3,
  "debug_logs_in_plan": true,
  "explore_subagent_used": true,
  "summary": "Successfully implemented YAML frontmatter metadata extraction. Created metadata.go with ExtractMetadata(), HasFrontmatter(), GetFrontmatterRaw(), and ValidateFrontmatter() functions. Comprehensive test coverage (88.7%) with 30+ test cases. Resolved Node struct differences between directories and regex pattern issues."
}
```
