所有功能已实现并确认：

- `ValidatePlanResult()` - plan.go:492
- `validatePlanResult()` - plan.go:604  
- `PrintPlanSummary()` - plan.go:624
- 完整测试覆盖 - plan_test.go:1141-1583

---

## 执行完成

**Job**: plan_cmd/job_4 - Plan 文件验证

**Tasks 完成情况**:
- ✅ Task 1: 实现 `validatePlanResult() error`
- ✅ Task 2: 检查 `README.md` 是否存在
- ✅ Task 3: 检查至少有一个模块 Plan 文件
- ✅ Task 4: 使用 Plan Parser 验证文件格式
- ✅ Task 5: 统计模块数和 Jobs 数
- ✅ Task 6: 输出 Plan 摘要
- ✅ Task 7: 提示下一步操作（运行 `morty doing`）
- ✅ Task 8: 编写单元测试

**验证器状态**:
- ✅ README.md 存在且格式正确
- ✅ 至少有一个 [模块].md 文件
- ✅ 所有 Plan 文件可被正确解析
- ✅ 成功时提示用户运行 `morty doing`
- ✅ 失败时给出友好错误提示
- ✅ 所有单元测试已编写

**调试日志**:
- 已记录到 `.morty/plan/plan_cmd.md` Job 4 调试日志部分

---

```json
{
  "module": "plan_cmd",
  "job": "job_4",
  "status": "COMPLETED",
  "tasks_completed": 8,
  "tasks_total": 8,
  "loop_count": 1,
  "debug_issues": 0,
  "debug_logs_in_plan": true,
  "explore_subagent_used": true,
  "summary": "Job 4 所有 Tasks 已完成。validatePlanResult()、ValidatePlanResult() 和 PrintPlanSummary() 函数已在 plan.go 中实现，包含完整的 README 检查、模块统计、Plan 解析和摘要输出功能。测试用例在 plan_test.go:1141-1583 中已覆盖所有场景。Plan 文件已更新标记 Tasks 为完成并记录调试日志。"
}
```
