所有任务已完成！让我输出最终的执行状态。

## 执行摘要

research_cmd/job_1 已成功完成。以下是完成的工作：

### 已完成的 Tasks

1. **Task 1**: 创建 `internal/cmd/research.go` 文件 ✓
2. **Task 2**: 实现 `ResearchHandler` 结构体 ✓
3. **Task 3**: 实现 `NewResearchHandler(cfg, logger)` 构造函数 ✓
4. **Task 4**: 实现 `Execute(ctx, args) error` 方法 ✓
5. **Task 5**: 解析命令行参数获取主题 ✓
6. **Task 6**: 检查并创建 `.morty/research/` 目录 ✓
7. **Task 7**: 编写单元测试 `research_test.go` ✓

### 验证器检查结果

- ✓ 无参数时交互式提示输入主题
- ✓ 有参数时直接使用参数作为主题
- ✓ 自动创建 `.morty/research/` 目录
- ✓ 返回正确的 ResearchResult
- ✓ 所有单元测试通过 (覆盖率 91.7% >= 80%)

### 实现的文件

- `internal/cmd/research.go` - 核心实现 (141 行)
- `internal/cmd/research_test.go` - 单元测试 (446 行)

### 测试覆盖详情

```
=== RUN   TestNewResearchHandler                    PASS
=== RUN   TestResearchHandler_Execute_WithArgs      PASS
=== RUN   TestResearchHandler_parseTopic_WithArgs   PASS
=== RUN   TestResearchHandler_ensureResearchDir     PASS
=== RUN   TestResearchHandler_generateOutputPath    PASS
=== RUN   TestResearchHandler_sanitizeFilename      PASS
=== RUN   TestResearchHandler_GetResearchDir        PASS
=== RUN   TestResearchHandler_Execute_ContextCancellation PASS
=== RUN   TestResearchHandler_Execute_EmptyTopic    PASS
=== RUN   TestResearchHandler_Execute_WithEmptyArgs PASS
=== RUN   TestResearchResult_Struct                 PASS

PASS    coverage: 91.7% of statements
```

<!-- RALPH_STATUS -->
```json
{
  "module": "research_cmd",
  "job": "job_1",
  "status": "COMPLETED",
  "tasks_completed": 7,
  "tasks_total": 7,
  "loop_count": 1,
  "debug_issues": 2,
  "debug_logs_in_plan": true,
  "explore_subagent_used": true,
  "summary": "research_cmd/job_1 完成。实现了 ResearchHandler 结构体、构造函数、Execute 方法、参数解析、目录创建功能。所有 11 个单元测试通过，覆盖率 91.7%。已更新 Plan 文件调试日志。"
}
```
<!-- END_RALPH_STATUS -->
