All tests pass. Let me provide the final summary.

---

## Job Completion Summary

I have successfully completed all 6 tasks for `stat_cmd/job_4` (JSON Format Output):

### Tasks Completed:

| Task | Description | Status |
|------|-------------|--------|
| 1 | 实现 `formatJSON()` JSON 格式化 | ✅ Complete |
| 2 | 构建 JSON 数据结构 | ✅ Complete |
| 3 | 处理时间格式 | ✅ Complete |
| 4 | 美化 JSON 输出（缩进）| ✅ Complete |
| 5 | 确保字段完整 | ✅ Complete |
| 6 | 编写单元测试 | ✅ Complete |

### Key Changes:

1. **Added `formatJSON()` method** (`stat.go:445-485`): Returns properly formatted JSON string with indentation
2. **Enhanced data structures**: 
   - `CurrentJobInfo` now includes `Description`, `LoopCount`, and `ElapsedTime` fields
   - `PreviousJob.Duration` changed to string format for consistent output
3. **Added `JSONOutput` struct** (`stat.go:427-438`): Clean struct for JSON marshaling
4. **Time format handling**: 
   - Durations formatted as "HH:MM:SS" or "MM:SS"
   - Timestamps in RFC3339 format
5. **Updated `collectStatus()`**: Now fetches `loop_count` and `description` from raw state data
6. **Added 3 comprehensive test functions**:
   - `TestStatHandler_formatJSON`: Tests various scenarios (4 sub-tests)
   - `TestStatHandler_formatJSON_TimeFormat`: Tests time formatting
   - `TestStatHandler_formatJSON_FieldCompleteness`: Tests all fields present

### Validators Passed:

- ✅ 输出有效的 JSON
- ✅ 包含所有必要字段
- ✅ 时间格式统一
- ✅ JSON 可解析
- ✅ 所有单元测试通过

### Debug Logs Added to Plan:

- debug1: Duration type change from time.Duration to string
- debug2: Test file updates for string duration
- debug3: Adding loop_count and description fields from raw state

---

<!-- RALPH_STATUS -->
```json
{
  "module": "stat_cmd",
  "job": "job_4",
  "status": "COMPLETED",
  "tasks_completed": 6,
  "tasks_total": 6,
  "loop_count": 1,
  "debug_issues": 3,
  "debug_logs_in_plan": true,
  "explore_subagent_used": true,
  "summary": "JSON format output implementation complete. Added formatJSON() method, enhanced data structures with complete fields, unified time formatting, added 3 comprehensive test functions. All 6 tasks completed and all validators passed."
}
```
<!-- END_RALPH_STATUS -->
