All tests pass. Here is the final RALPH_STATUS:

<!-- RALPH_STATUS -->
```json
{
  "module": "stat_cmd",
  "job": "job_3",
  "status": "COMPLETED",
  "tasks_completed": 6,
  "tasks_total": 6,
  "loop_count": 1,
  "debug_issues": 1,
  "debug_logs_in_plan": true,
  "explore_subagent_used": true,
  "summary": "表格格式化输出功能实现完成。实现了formatTable()函数，包含表头格式化、各区块格式化(当前执行/上一个Job/Debug问题/整体进度)、进度条显示、对齐美化及终端彩色输出支持。编写了12个新的单元测试，所有34个测试通过。修复了progress bar宽度导致内容溢出的问题，已记录到Plan调试日志。"
}
```
<!-- END_RALPH_STATUS -->

## 执行摘要

已完成 stat_cmd/job_3 的所有 6 个 Tasks：

1. **Task 1**: 实现了 `formatTable()` 函数，使用 Unicode 框线字符绘制表格
2. **Task 2**: 实现了表头格式化，包含居中的 "Morty 监控大盘" 标题
3. **Task 3**: 实现了各区块格式化：
   - 当前执行区块（模块、Job、状态、累计时间）
   - 上一个 Job 区块
   - Debug 问题区块（带缩进的猜想和状态）
   - 整体进度区块
4. **Task 4**: 实现了进度条显示，使用 `█` 和 `░` 字符
5. **Task 5**: 实现了对齐和彩色输出（支持终端颜色检测）
6. **Task 6**: 编写了 12 个新的单元测试

**验证结果**：所有 34 个测试通过，表格对齐正确，内容不溢出边框，进度条显示正确。
