所有 Tasks 已完成，验证器全部通过。输出执行结果：

<!-- RALPH_STATUS -->
```json
{
  "module": "state",
  "job": "job_2",
  "status": "COMPLETED",
  "tasks_completed": 8,
  "tasks_total": 8,
  "loop_count": 1,
  "debug_issues": 2,
  "debug_logs_in_plan": true,
  "explore_subagent_used": true,
  "summary": "Job execution 状态管理器实现完成。创建了 internal/state/manager.go，实现了 GetJobStatus、UpdateJobStatus、GetCurrent、SetCurrent、GetSummary、GetPendingJobs 方法，并编写了完整的单元测试。测试覆盖率 91.1%，超过 80% 要求。所有验证器检查通过。"
}
```
<!-- END_RALPH_STATUS -->

## 执行摘要

### 完成的任务

| Task | 描述 | 状态 |
|------|------|------|
| 1 | 创建 `internal/state/manager.go` 文件结构 | ✅ |
| 2 | 实现 `GetJobStatus(module, job string) (Status, error)` | ✅ |
| 3 | 实现 `UpdateJobStatus(module, job string, status Status) error` | ✅ |
| 4 | 实现 `GetCurrent() (*CurrentJob, error)` | ✅ |
| 5 | 实现 `SetCurrent(module, job string, status Status) error` | ✅ |
| 6 | 实现 `GetSummary() (*Summary, error)` | ✅ |
| 7 | 实现 `GetPendingJobs() []JobRef` | ✅ |
| 8 | 编写单元测试 `manager_test.go` | ✅ |

### 验证器结果

- ✅ 获取存在的 Job 状态返回正确值
- ✅ 获取不存在的 Job 返回错误
- ✅ 更新 Job 状态后 Save 到文件
- ✅ GetCurrent 返回当前执行的 Job
- ✅ GetSummary 返回正确的统计数据
- ✅ GetPendingJobs 只返回 PENDING 状态的 Job
- ✅ 所有单元测试通过 (覆盖率 91.1% >= 80%)

### 新增文件

- `internal/state/manager.go` - 状态管理器实现 (213 行)
- `internal/state/manager_test.go` - 单元测试 (418 行)
