All tasks completed successfully. Here's the final status:

## Summary

I have successfully implemented **stat_cmd/job_2** with the following enhancements:

### Tasks Completed:
1. **Task 1**: Implemented `collectStatus()` - Collects comprehensive status information including current job, progress, modules, and debug issues
2. **Task 2**: Read current job from status.json - Uses `state.Manager.GetCurrent()`
3. **Task 3**: Find previous completed job - `findPreviousJob()` scans all completed jobs and finds the most recent one
4. **Task 4**: Count jobs across all modules - Uses `state.Manager.GetSummary()` to aggregate job counts
5. **Task 5**: Calculate progress percentage - Computes percentage based on completed/total jobs
6. **Task 6**: Extract debug issues from logs - `extractDebugIssues()` reads debug_logs from the current job
7. **Task 7**: Unit tests - Added comprehensive tests for all new functionality

### New Data Structures:
- `StatusInfo` - Comprehensive status container
- `CurrentJobInfo` - Current job details
- `PreviousJob` - Previous completed job info with duration
- `ProgressInfo` - Progress statistics with percentage
- `ModuleStatus` - Per-module status
- `DebugIssue` - Debug log entries

### New Methods:
- `collectStatus()` - Main collection function
- `findPreviousJob()` - Finds most recent completed job
- `extractDebugIssues()` - Extracts debug logs
- `outputEnhancedText()` - Enhanced Chinese text output
- `formatDuration()` - Human-readable duration formatting
- `formatProgressBar()` - Visual progress bar

### Tests Added:
- `TestStatHandler_collectStatus`
- `TestStatHandler_findPreviousJob`
- `TestStatHandler_extractDebugIssues`
- `TestStatHandler_formatDuration`
- `TestStatHandler_formatProgressBar`
- `TestStatHandler_outputEnhancedText`
- `TestStatInfo_Structs`

All tests pass successfully.

<!-- RALPH_STATUS -->
```json
{
  "module": "stat_cmd",
  "job": "job_2",
  "status": "COMPLETED",
  "tasks_completed": 7,
  "tasks_total": 7,
  "loop_count": 1,
  "debug_issues": 2,
  "debug_logs_in_plan": true,
  "explore_subagent_used": true,
  "summary": "Job execution status collection implemented successfully. Added collectStatus(), findPreviousJob(), extractDebugIssues() methods with enhanced text output showing progress bar, current/previous job info, and debug issues. All 7 tasks completed and 13 unit tests pass."
}
```
<!-- END_RALPH_STATUS -->
