## Job 2 执行完成

已完成所有 5 个 Task 的实现和验证：

1. **`version_create_loop_commit()`** - 创建循环提交的核心函数
2. **提交信息生成器** - 生成包含循环编号、状态、时间戳、变更统计、文件列表的格式化提交信息
3. **自动暂存变更** - 使用 `git add -A` 自动暂存变更（自动遵守 .gitignore）
4. **提交前变更检查** - 检查是否有变更，无变更时跳过提交并返回状态码 1
5. **`version_get_current_loop_number()`** - 从最新 morty 提交信息中解析循环编号

**验证结果：**
- 调用 `version_create_loop_commit 5 completed` 成功创建提交，包含 "morty[loop:5,status:completed]" 前缀
- 提交信息包含完整的循环元数据（时间戳、变更统计、文件列表）
- 无变更时调用返回 "No changes to commit" 和状态码 1
- `version_get_current_loop_number()` 正确解析出循环编号 5
- `.morty/logs/` 目录被正确保留在提交中

<!-- RALPH_STATUS -->
{
  "module": "version_manager",
  "job": "job_2",
  "status": "COMPLETED",
  "tasks_completed": 5,
  "tasks_total": 5,
  "loop_count": 1,
  "debug_issues": 0,
  "summary": "成功实现 version_create_loop_commit()、version_get_current_loop_number() 及相关功能。提交信息生成器支持循环元数据（编号、状态、时间戳、变更统计、文件列表），自动暂存遵守 gitignore，无变更时正确跳过提交。所有验证通过。"
}
<!-- END_RALPH_STATUS -->
